2025-12-15 22:23:37,302 - INFO -  Before Number of rows for Good class:111930
2025-12-15 22:23:37,302 - INFO -  Before Number of rows for Bad class:8070
2025-12-15 22:23:37,429 - INFO -  After Number of rows for Good class:111930
2025-12-15 22:23:37,429 - INFO -  After Number of rows for Bad class:111930
2025-12-15 22:23:37,429 - INFO - (223860, 12)
2025-12-15 22:23:37,429 - INFO - (223860,)
2025-12-15 22:23:37,445 - INFO -         age_yeo_trim  NumberOfOpenCreditLinesAndLoans_yeo_trim  NumberRealEstateLoansOrLines_yeo_trim  ...  Rented_OwnHouse_res  Occupation_res  Education_res
192590     15.234635                                  4.287841                               1.173111  ...                  1.0             0.0       1.847840
190348     16.646007                                  0.348132                               0.000000  ...                  1.0             4.0       0.000000
216725     14.288502                                  0.840409                               0.000000  ...                  0.0             1.0       3.000000
85956      22.886858                                  2.837959                               0.636845  ...                  0.0             0.0       0.000000
66893      16.106836                                  3.117028                               0.636845  ...                  1.0             0.0       4.000000
146344     18.426676                                  1.566609                               0.300622  ...                  0.0             4.0       1.527951
50986      21.668058                                  2.192400                               0.636845  ...                  0.0             3.0       3.000000
156966     18.058027                                  3.600694                               0.814512  ...                  0.0             0.0       0.000000
30662      12.213506                                  2.532317                               0.961669  ...                  1.0             0.0       0.000000
31609      13.040050                                  3.374770                               0.000000  ...                  0.0             1.0       4.000000

[10 rows x 12 columns]
2025-12-15 22:23:37,476 - INFO - [[-0.78510152 -0.77418617 -1.1441428  ... -0.90804869  0.98633466
  -1.38373769]
 [ 0.44699016  0.69578713  0.35508292 ... -0.90804869  0.98633466
  -0.75330858]
 [-1.10231529 -0.26418059 -1.1441428  ...  1.20750493 -1.36504603
   1.13797875]
 ...
 [-1.24418373 -1.19484002 -1.1441428  ... -0.90804869  0.98633466
  -0.75330858]
 [ 0.27307954 -2.1782564  -1.1441428  ... -0.90804869  0.98633466
  -0.75330858]
 [-0.38888861  1.04714868  1.20357763 ... -0.75274664  0.98633466
   0.50754964]]
